2025-09-25 14:05:59.959 | INFO     | logger:success:103 | system | none - SUCCESS: Diretório de dados criado ou verificado com sucesso: D:\GithubGit\MeuPortfolio\plataforma_rifas\data
2025-09-25 14:05:59.962 | INFO     | logger:info:99 | system | none - Aplicação iniciada
2025-09-25 14:05:59.966 | INFO     | logger:success:103 | system | none - SUCCESS: Tabelas e índices criados ou verificados com sucesso.
2025-09-25 14:05:59.967 | INFO     | logger:success:103 | system | none - SUCCESS: Conexão com banco de dados estabelecida com sucesso.
2025-09-25 14:05:59.973 | INFO     | modules.db_data_manager:migrate_from_json:109 | system | none - Migração JSON→SQLite concluída.
2025-09-25 14:05:59.973 | INFO     | logger:success:103 | system | none - SUCCESS: Migração JSON→SQLite executada com sucesso
2025-09-25 14:05:59.981 | INFO     | logger:success:103 | system | none - SUCCESS: Tabelas e índices criados ou verificados com sucesso.
2025-09-25 14:05:59.981 | INFO     | logger:success:103 | system | none - SUCCESS: Conexão com banco de dados estabelecida com sucesso.
2025-09-25 14:05:59.992 | INFO     | logger:success:103 | system | none - SUCCESS: Tabelas e índices criados ou verificados com sucesso.
2025-09-25 14:05:59.992 | INFO     | logger:success:103 | system | none - SUCCESS: Conexão com banco de dados estabelecida com sucesso.
2025-09-25 14:05:59.994 | INFO     | logger:info:99 | system | none - Nenhuma rifa selecionada, aplicação pausada
2025-09-25 14:09:48.564 | INFO     | logger:info:99 | system | none - Aplicação iniciada
2025-09-25 14:09:48.566 | INFO     | logger:success:103 | system | none - SUCCESS: Tabelas e índices criados ou verificados com sucesso.
2025-09-25 14:09:48.567 | INFO     | logger:success:103 | system | none - SUCCESS: Conexão com banco de dados estabelecida com sucesso.
2025-09-25 14:09:48.577 | INFO     | modules.db_data_manager:migrate_from_json:109 | system | none - Migração JSON→SQLite concluída.
2025-09-25 14:09:48.578 | INFO     | logger:success:103 | system | none - SUCCESS: Migração JSON→SQLite executada com sucesso
2025-09-25 14:09:48.587 | INFO     | logger:success:103 | system | none - SUCCESS: Tabelas e índices criados ou verificados com sucesso.
2025-09-25 14:09:48.587 | INFO     | logger:success:103 | system | none - SUCCESS: Conexão com banco de dados estabelecida com sucesso.
2025-09-25 14:09:48.594 | INFO     | logger:info:99 | system | none - Nenhuma rifa selecionada, aplicação pausada
2025-09-25 14:09:50.636 | INFO     | logger:info:99 | system | none - Aplicação iniciada
2025-09-25 14:09:50.638 | INFO     | logger:success:103 | system | none - SUCCESS: Tabelas e índices criados ou verificados com sucesso.
2025-09-25 14:09:50.638 | INFO     | logger:success:103 | system | none - SUCCESS: Conexão com banco de dados estabelecida com sucesso.
2025-09-25 14:09:50.650 | INFO     | modules.db_data_manager:migrate_from_json:109 | system | none - Migração JSON→SQLite concluída.
2025-09-25 14:09:50.650 | INFO     | logger:success:103 | system | none - SUCCESS: Migração JSON→SQLite executada com sucesso
2025-09-25 14:09:50.661 | INFO     | logger:success:103 | system | none - SUCCESS: Tabelas e índices criados ou verificados com sucesso.
2025-09-25 14:09:50.661 | INFO     | logger:success:103 | system | none - SUCCESS: Conexão com banco de dados estabelecida com sucesso.
2025-09-25 14:09:50.666 | INFO     | logger:info:99 | system | none - Nenhuma rifa selecionada, aplicação pausada
2025-09-25 14:09:52.517 | INFO     | logger:info:99 | system | none - Aplicação iniciada
2025-09-25 14:09:52.519 | INFO     | logger:success:103 | system | none - SUCCESS: Tabelas e índices criados ou verificados com sucesso.
2025-09-25 14:09:52.520 | INFO     | logger:success:103 | system | none - SUCCESS: Conexão com banco de dados estabelecida com sucesso.
2025-09-25 14:09:52.530 | INFO     | modules.db_data_manager:migrate_from_json:109 | system | none - Migração JSON→SQLite concluída.
2025-09-25 14:09:52.531 | INFO     | logger:success:103 | system | none - SUCCESS: Migração JSON→SQLite executada com sucesso
2025-09-25 14:09:52.541 | INFO     | logger:success:103 | system | none - SUCCESS: Tabelas e índices criados ou verificados com sucesso.
2025-09-25 14:09:52.541 | INFO     | logger:success:103 | system | none - SUCCESS: Conexão com banco de dados estabelecida com sucesso.
2025-09-25 14:09:52.546 | INFO     | logger:info:99 | system | none - Nenhuma rifa selecionada, aplicação pausada
2025-09-25 14:09:53.902 | INFO     | logger:info:99 | system | none - Aplicação iniciada
2025-09-25 14:09:53.905 | INFO     | logger:success:103 | system | none - SUCCESS: Tabelas e índices criados ou verificados com sucesso.
2025-09-25 14:09:53.905 | INFO     | logger:success:103 | system | none - SUCCESS: Conexão com banco de dados estabelecida com sucesso.
2025-09-25 14:09:53.910 | INFO     | modules.db_data_manager:migrate_from_json:109 | system | none - Migração JSON→SQLite concluída.
2025-09-25 14:09:53.911 | INFO     | logger:success:103 | system | none - SUCCESS: Migração JSON→SQLite executada com sucesso
2025-09-25 14:09:53.918 | INFO     | logger:success:103 | system | none - SUCCESS: Tabelas e índices criados ou verificados com sucesso.
2025-09-25 14:09:53.918 | INFO     | logger:success:103 | system | none - SUCCESS: Conexão com banco de dados estabelecida com sucesso.
2025-09-25 14:09:54.144 | INFO     | logger:success:103 | system | 1 - SUCCESS: Usuário tassiolucian@gmail.com logado com sucesso
2025-09-25 14:09:54.192 | INFO     | logger:info:99 | system | none - Aplicação iniciada
2025-09-25 14:09:54.194 | INFO     | logger:success:103 | system | none - SUCCESS: Tabelas e índices criados ou verificados com sucesso.
2025-09-25 14:09:54.194 | INFO     | logger:success:103 | system | none - SUCCESS: Conexão com banco de dados estabelecida com sucesso.
2025-09-25 14:09:54.204 | INFO     | modules.db_data_manager:migrate_from_json:109 | system | none - Migração JSON→SQLite concluída.
2025-09-25 14:09:54.205 | INFO     | logger:success:103 | system | none - SUCCESS: Migração JSON→SQLite executada com sucesso
2025-09-25 14:09:54.208 | INFO     | logger:success:103 | system | none - SUCCESS: Tabelas e índices criados ou verificados com sucesso.
2025-09-25 14:09:54.209 | INFO     | logger:success:103 | system | none - SUCCESS: Conexão com banco de dados estabelecida com sucesso.
2025-09-25 14:09:54.215 | INFO     | logger:success:103 | system | none - SUCCESS: Tabelas e índices criados ou verificados com sucesso.
2025-09-25 14:09:54.215 | INFO     | logger:success:103 | system | none - SUCCESS: Conexão com banco de dados estabelecida com sucesso.
2025-09-25 14:09:54.218 | INFO     | logger:info:99 | system | none - Nenhuma rifa selecionada, aplicação pausada
2025-09-25 14:09:56.425 | INFO     | logger:info:99 | system | none - Aplicação iniciada
2025-09-25 14:09:56.426 | INFO     | logger:success:103 | system | none - SUCCESS: Tabelas e índices criados ou verificados com sucesso.
2025-09-25 14:09:56.427 | INFO     | logger:success:103 | system | none - SUCCESS: Conexão com banco de dados estabelecida com sucesso.
2025-09-25 14:09:56.436 | INFO     | modules.db_data_manager:migrate_from_json:109 | system | none - Migração JSON→SQLite concluída.
2025-09-25 14:09:56.436 | INFO     | logger:success:103 | system | none - SUCCESS: Migração JSON→SQLite executada com sucesso
2025-09-25 14:09:56.441 | INFO     | logger:success:103 | system | none - SUCCESS: Tabelas e índices criados ou verificados com sucesso.
2025-09-25 14:09:56.442 | INFO     | logger:success:103 | system | none - SUCCESS: Conexão com banco de dados estabelecida com sucesso.
2025-09-25 14:09:56.446 | INFO     | logger:success:103 | system | none - SUCCESS: Tabelas e índices criados ou verificados com sucesso.
2025-09-25 14:09:56.447 | INFO     | logger:success:103 | system | none - SUCCESS: Conexão com banco de dados estabelecida com sucesso.
2025-09-25 14:09:56.449 | INFO     | logger:success:103 | system | none - SUCCESS: Tabelas e índices criados ou verificados com sucesso.
2025-09-25 14:09:56.450 | INFO     | logger:success:103 | system | none - SUCCESS: Conexão com banco de dados estabelecida com sucesso.
2025-09-25 14:09:56.451 | INFO     | logger:success:103 | system | none - SUCCESS: Tabelas e índices criados ou verificados com sucesso.
2025-09-25 14:09:56.451 | INFO     | logger:success:103 | system | none - SUCCESS: Conexão com banco de dados estabelecida com sucesso.
2025-09-25 14:09:56.452 | DEBUG    | logger:debug:95 | system | none - Dados da rifa Rifa solidaria  carregados
2025-09-25 14:09:56.460 | INFO     | logger:success:103 | system | none - SUCCESS: Tabelas e índices criados ou verificados com sucesso.
2025-09-25 14:09:56.460 | INFO     | logger:success:103 | system | none - SUCCESS: Conexão com banco de dados estabelecida com sucesso.
2025-09-25 14:09:56.464 | INFO     | logger:success:103 | system | none - SUCCESS: Tabelas e índices criados ou verificados com sucesso.
2025-09-25 14:09:56.464 | INFO     | logger:success:103 | system | none - SUCCESS: Conexão com banco de dados estabelecida com sucesso.
2025-09-25 14:09:56.495 | INFO     | logger:success:103 | system | none - SUCCESS: Tabelas e índices criados ou verificados com sucesso.
2025-09-25 14:09:56.497 | INFO     | logger:success:103 | system | none - SUCCESS: Conexão com banco de dados estabelecida com sucesso.
2025-09-25 14:09:56.503 | DEBUG    | logger:debug:95 | system | none - Histórico de vendas exibido para rifa Rifa solidaria 
2025-09-25 14:09:56.511 | INFO     | logger:success:103 | system | none - SUCCESS: Tabelas e índices criados ou verificados com sucesso.
2025-09-25 14:09:56.511 | INFO     | logger:success:103 | system | none - SUCCESS: Conexão com banco de dados estabelecida com sucesso.
2025-09-25 14:09:56.517 | INFO     | logger:success:103 | system | none - SUCCESS: CSV de vendas gerado para rifa Rifa solidaria 
2025-09-25 14:09:56.524 | INFO     | logger:success:103 | system | none - SUCCESS: Tabelas e índices criados ou verificados com sucesso.
2025-09-25 14:09:56.525 | INFO     | logger:success:103 | system | none - SUCCESS: Conexão com banco de dados estabelecida com sucesso.
2025-09-25 14:09:56.529 | INFO     | logger:success:103 | system | none - SUCCESS: Tabelas e índices criados ou verificados com sucesso.
2025-09-25 14:09:56.530 | INFO     | logger:success:103 | system | none - SUCCESS: Conexão com banco de dados estabelecida com sucesso.
2025-09-25 14:09:56.538 | INFO     | logger:success:103 | system | none - SUCCESS: Tabelas e índices criados ou verificados com sucesso.
2025-09-25 14:09:56.538 | INFO     | logger:success:103 | system | none - SUCCESS: Conexão com banco de dados estabelecida com sucesso.
2025-09-25 14:09:56.556 | INFO     | logger:success:103 | system | none - SUCCESS: Tabelas e índices criados ou verificados com sucesso.
2025-09-25 14:09:56.557 | INFO     | logger:success:103 | system | none - SUCCESS: Conexão com banco de dados estabelecida com sucesso.
2025-09-25 14:09:56.664 | INFO     | logger:success:103 | system | none - SUCCESS: Tabelas e índices criados ou verificados com sucesso.
2025-09-25 14:09:56.664 | INFO     | logger:success:103 | system | none - SUCCESS: Conexão com banco de dados estabelecida com sucesso.
2025-09-25 14:09:56.690 | INFO     | logger:success:103 | system | none - SUCCESS: Tabelas e índices criados ou verificados com sucesso.
2025-09-25 14:09:56.690 | INFO     | logger:success:103 | system | none - SUCCESS: Conexão com banco de dados estabelecida com sucesso.
2025-09-25 14:09:56.703 | INFO     | logger:success:103 | system | none - SUCCESS: Tabelas e índices criados ou verificados com sucesso.
2025-09-25 14:09:56.703 | INFO     | logger:success:103 | system | none - SUCCESS: Conexão com banco de dados estabelecida com sucesso.
2025-09-25 14:09:56.720 | INFO     | logger:success:103 | system | none - SUCCESS: Tabelas e índices criados ou verificados com sucesso.
2025-09-25 14:09:56.720 | INFO     | logger:success:103 | system | none - SUCCESS: Conexão com banco de dados estabelecida com sucesso.
2025-09-25 14:09:56.746 | INFO     | logger:success:103 | system | none - SUCCESS: Tabelas e índices criados ou verificados com sucesso.
2025-09-25 14:09:56.747 | INFO     | logger:success:103 | system | none - SUCCESS: Conexão com banco de dados estabelecida com sucesso.
2025-09-25 14:09:56.749 | DEBUG    | logger:debug:95 | system | none - Aba de analytics renderizada para rifa Rifa solidaria 
2025-09-25 14:09:56.760 | INFO     | logger:success:103 | system | none - SUCCESS: Tabelas e índices criados ou verificados com sucesso.
2025-09-25 14:09:56.761 | INFO     | logger:success:103 | system | none - SUCCESS: Conexão com banco de dados estabelecida com sucesso.
2025-09-25 14:09:56.763 | DEBUG    | logger:debug:95 | system | none - Rifas do usuário 1 listadas
2025-09-25 14:09:56.767 | INFO     | logger:success:103 | system | none - SUCCESS: Tabelas e índices criados ou verificados com sucesso.
2025-09-25 14:09:56.767 | INFO     | logger:success:103 | system | none - SUCCESS: Conexão com banco de dados estabelecida com sucesso.
2025-09-25 14:09:56.769 | DEBUG    | logger:debug:95 | system | none - Nenhuma rifa sem dono disponível para reivindicação
