2025-09-25 14:10:26.898 | INFO     | logger:success:103 | system | none - SUCCESS: Diretório de dados criado ou verificado com sucesso: D:\GithubGit\MeuPortfolio\plataforma_rifas\data
2025-09-25 14:10:27.187 | INFO     | logger:info:99 | system | none - Aplicação iniciada
2025-09-25 14:10:27.189 | INFO     | logger:success:103 | system | none - SUCCESS: Tabelas e índices criados ou verificados com sucesso.
2025-09-25 14:10:27.189 | INFO     | logger:success:103 | system | none - SUCCESS: Conexão com banco de dados estabelecida com sucesso.
2025-09-25 14:10:27.199 | INFO     | modules.db_data_manager:migrate_from_json:109 | system | none - Migração JSON→SQLite concluída.
2025-09-25 14:10:27.199 | INFO     | logger:success:103 | system | none - SUCCESS: Migração JSON→SQLite executada com sucesso
2025-09-25 14:10:27.477 | INFO     | logger:success:103 | system | none - SUCCESS: Tabelas e índices criados ou verificados com sucesso.
2025-09-25 14:10:27.478 | INFO     | logger:success:103 | system | none - SUCCESS: Conexão com banco de dados estabelecida com sucesso.
2025-09-25 14:10:27.481 | INFO     | logger:info:99 | system | none - Nenhuma rifa selecionada, aplicação pausada
2025-09-25 14:10:35.489 | INFO     | logger:info:99 | system | none - Aplicação iniciada
2025-09-25 14:10:35.491 | INFO     | logger:success:103 | system | none - SUCCESS: Tabelas e índices criados ou verificados com sucesso.
2025-09-25 14:10:35.491 | INFO     | logger:success:103 | system | none - SUCCESS: Conexão com banco de dados estabelecida com sucesso.
2025-09-25 14:10:35.501 | INFO     | modules.db_data_manager:migrate_from_json:109 | system | none - Migração JSON→SQLite concluída.
2025-09-25 14:10:35.503 | INFO     | logger:success:103 | system | none - SUCCESS: Migração JSON→SQLite executada com sucesso
2025-09-25 14:10:35.510 | INFO     | logger:success:103 | system | none - SUCCESS: Tabelas e índices criados ou verificados com sucesso.
2025-09-25 14:10:35.511 | INFO     | logger:success:103 | system | none - SUCCESS: Conexão com banco de dados estabelecida com sucesso.
2025-09-25 14:10:35.516 | INFO     | logger:info:99 | system | none - Nenhuma rifa selecionada, aplicação pausada
2025-09-25 14:10:39.982 | INFO     | logger:info:99 | system | none - Aplicação iniciada
2025-09-25 14:10:39.985 | INFO     | logger:success:103 | system | none - SUCCESS: Tabelas e índices criados ou verificados com sucesso.
2025-09-25 14:10:39.985 | INFO     | logger:success:103 | system | none - SUCCESS: Conexão com banco de dados estabelecida com sucesso.
2025-09-25 14:10:39.995 | INFO     | modules.db_data_manager:migrate_from_json:109 | system | none - Migração JSON→SQLite concluída.
2025-09-25 14:10:39.996 | INFO     | logger:success:103 | system | none - SUCCESS: Migração JSON→SQLite executada com sucesso
2025-09-25 14:10:40.005 | INFO     | logger:success:103 | system | none - SUCCESS: Tabelas e índices criados ou verificados com sucesso.
2025-09-25 14:10:40.006 | INFO     | logger:success:103 | system | none - SUCCESS: Conexão com banco de dados estabelecida com sucesso.
2025-09-25 14:10:40.010 | INFO     | logger:info:99 | system | none - Nenhuma rifa selecionada, aplicação pausada
2025-09-25 14:10:43.474 | INFO     | logger:info:99 | system | none - Aplicação iniciada
2025-09-25 14:10:43.476 | INFO     | logger:success:103 | system | none - SUCCESS: Tabelas e índices criados ou verificados com sucesso.
2025-09-25 14:10:43.476 | INFO     | logger:success:103 | system | none - SUCCESS: Conexão com banco de dados estabelecida com sucesso.
2025-09-25 14:10:43.486 | INFO     | modules.db_data_manager:migrate_from_json:109 | system | none - Migração JSON→SQLite concluída.
2025-09-25 14:10:43.488 | INFO     | logger:success:103 | system | none - SUCCESS: Migração JSON→SQLite executada com sucesso
2025-09-25 14:10:43.497 | INFO     | logger:success:103 | system | none - SUCCESS: Tabelas e índices criados ou verificados com sucesso.
2025-09-25 14:10:43.497 | INFO     | logger:success:103 | system | none - SUCCESS: Conexão com banco de dados estabelecida com sucesso.
2025-09-25 14:10:43.501 | INFO     | logger:info:99 | system | none - Nenhuma rifa selecionada, aplicação pausada
2025-09-25 14:10:43.588 | INFO     | logger:info:99 | system | none - Aplicação iniciada
2025-09-25 14:10:43.591 | INFO     | logger:success:103 | system | none - SUCCESS: Tabelas e índices criados ou verificados com sucesso.
2025-09-25 14:10:43.591 | INFO     | logger:success:103 | system | none - SUCCESS: Conexão com banco de dados estabelecida com sucesso.
2025-09-25 14:10:43.596 | INFO     | modules.db_data_manager:migrate_from_json:109 | system | none - Migração JSON→SQLite concluída.
2025-09-25 14:10:43.598 | INFO     | logger:success:103 | system | none - SUCCESS: Migração JSON→SQLite executada com sucesso
2025-09-25 14:10:43.602 | INFO     | logger:success:103 | system | none - SUCCESS: Tabelas e índices criados ou verificados com sucesso.
2025-09-25 14:10:43.603 | INFO     | logger:success:103 | system | none - SUCCESS: Conexão com banco de dados estabelecida com sucesso.
2025-09-25 14:10:43.825 | INFO     | logger:success:103 | system | 1 - SUCCESS: Usuário tassiolucian@gmail.com logado com sucesso
2025-09-25 14:10:43.873 | INFO     | logger:info:99 | system | none - Aplicação iniciada
2025-09-25 14:10:43.875 | INFO     | logger:success:103 | system | none - SUCCESS: Tabelas e índices criados ou verificados com sucesso.
2025-09-25 14:10:43.875 | INFO     | logger:success:103 | system | none - SUCCESS: Conexão com banco de dados estabelecida com sucesso.
2025-09-25 14:10:43.884 | INFO     | modules.db_data_manager:migrate_from_json:109 | system | none - Migração JSON→SQLite concluída.
2025-09-25 14:10:43.884 | INFO     | logger:success:103 | system | none - SUCCESS: Migração JSON→SQLite executada com sucesso
2025-09-25 14:10:43.889 | INFO     | logger:success:103 | system | none - SUCCESS: Tabelas e índices criados ou verificados com sucesso.
2025-09-25 14:10:43.890 | INFO     | logger:success:103 | system | none - SUCCESS: Conexão com banco de dados estabelecida com sucesso.
2025-09-25 14:10:43.896 | INFO     | logger:success:103 | system | none - SUCCESS: Tabelas e índices criados ou verificados com sucesso.
2025-09-25 14:10:43.897 | INFO     | logger:success:103 | system | none - SUCCESS: Conexão com banco de dados estabelecida com sucesso.
2025-09-25 14:10:43.898 | INFO     | logger:info:99 | system | none - Nenhuma rifa selecionada, aplicação pausada
2025-09-25 14:10:45.733 | INFO     | logger:info:99 | system | none - Aplicação iniciada
2025-09-25 14:10:45.736 | INFO     | logger:success:103 | system | none - SUCCESS: Tabelas e índices criados ou verificados com sucesso.
2025-09-25 14:10:45.736 | INFO     | logger:success:103 | system | none - SUCCESS: Conexão com banco de dados estabelecida com sucesso.
2025-09-25 14:10:45.741 | INFO     | modules.db_data_manager:migrate_from_json:109 | system | none - Migração JSON→SQLite concluída.
2025-09-25 14:10:45.741 | INFO     | logger:success:103 | system | none - SUCCESS: Migração JSON→SQLite executada com sucesso
2025-09-25 14:10:45.745 | INFO     | logger:success:103 | system | none - SUCCESS: Tabelas e índices criados ou verificados com sucesso.
2025-09-25 14:10:45.746 | INFO     | logger:success:103 | system | none - SUCCESS: Conexão com banco de dados estabelecida com sucesso.
2025-09-25 14:10:45.752 | INFO     | logger:success:103 | system | none - SUCCESS: Tabelas e índices criados ou verificados com sucesso.
2025-09-25 14:10:45.753 | INFO     | logger:success:103 | system | none - SUCCESS: Conexão com banco de dados estabelecida com sucesso.
2025-09-25 14:10:45.755 | INFO     | logger:success:103 | system | none - SUCCESS: Tabelas e índices criados ou verificados com sucesso.
2025-09-25 14:10:45.756 | INFO     | logger:success:103 | system | none - SUCCESS: Conexão com banco de dados estabelecida com sucesso.
2025-09-25 14:10:45.758 | INFO     | logger:success:103 | system | none - SUCCESS: Tabelas e índices criados ou verificados com sucesso.
2025-09-25 14:10:45.759 | INFO     | logger:success:103 | system | none - SUCCESS: Conexão com banco de dados estabelecida com sucesso.
2025-09-25 14:10:45.760 | DEBUG    | logger:debug:95 | system | none - Dados da rifa Rifa solidaria  carregados
2025-09-25 14:10:45.842 | INFO     | logger:success:103 | system | none - SUCCESS: Tabelas e índices criados ou verificados com sucesso.
2025-09-25 14:10:45.843 | INFO     | logger:success:103 | system | none - SUCCESS: Conexão com banco de dados estabelecida com sucesso.
2025-09-25 14:10:45.845 | INFO     | logger:success:103 | system | none - SUCCESS: Tabelas e índices criados ou verificados com sucesso.
2025-09-25 14:10:45.845 | INFO     | logger:success:103 | system | none - SUCCESS: Conexão com banco de dados estabelecida com sucesso.
2025-09-25 14:10:45.869 | INFO     | logger:success:103 | system | none - SUCCESS: Tabelas e índices criados ou verificados com sucesso.
2025-09-25 14:10:45.870 | INFO     | logger:success:103 | system | none - SUCCESS: Conexão com banco de dados estabelecida com sucesso.
2025-09-25 14:10:45.884 | DEBUG    | logger:debug:95 | system | none - Histórico de vendas exibido para rifa Rifa solidaria 
2025-09-25 14:10:45.895 | INFO     | logger:success:103 | system | none - SUCCESS: Tabelas e índices criados ou verificados com sucesso.
2025-09-25 14:10:45.895 | INFO     | logger:success:103 | system | none - SUCCESS: Conexão com banco de dados estabelecida com sucesso.
2025-09-25 14:10:45.902 | INFO     | logger:success:103 | system | none - SUCCESS: CSV de vendas gerado para rifa Rifa solidaria 
2025-09-25 14:10:45.907 | INFO     | logger:success:103 | system | none - SUCCESS: Tabelas e índices criados ou verificados com sucesso.
2025-09-25 14:10:45.908 | INFO     | logger:success:103 | system | none - SUCCESS: Conexão com banco de dados estabelecida com sucesso.
2025-09-25 14:10:45.910 | INFO     | logger:success:103 | system | none - SUCCESS: Tabelas e índices criados ou verificados com sucesso.
2025-09-25 14:10:45.911 | INFO     | logger:success:103 | system | none - SUCCESS: Conexão com banco de dados estabelecida com sucesso.
2025-09-25 14:10:45.917 | INFO     | logger:success:103 | system | none - SUCCESS: Tabelas e índices criados ou verificados com sucesso.
2025-09-25 14:10:45.917 | INFO     | logger:success:103 | system | none - SUCCESS: Conexão com banco de dados estabelecida com sucesso.
2025-09-25 14:10:45.976 | INFO     | logger:success:103 | system | none - SUCCESS: Tabelas e índices criados ou verificados com sucesso.
2025-09-25 14:10:45.977 | INFO     | logger:success:103 | system | none - SUCCESS: Conexão com banco de dados estabelecida com sucesso.
2025-09-25 14:10:46.052 | INFO     | logger:success:103 | system | none - SUCCESS: Tabelas e índices criados ou verificados com sucesso.
2025-09-25 14:10:46.053 | INFO     | logger:success:103 | system | none - SUCCESS: Conexão com banco de dados estabelecida com sucesso.
2025-09-25 14:10:46.069 | INFO     | logger:success:103 | system | none - SUCCESS: Tabelas e índices criados ou verificados com sucesso.
2025-09-25 14:10:46.069 | INFO     | logger:success:103 | system | none - SUCCESS: Conexão com banco de dados estabelecida com sucesso.
2025-09-25 14:10:46.086 | INFO     | logger:success:103 | system | none - SUCCESS: Tabelas e índices criados ou verificados com sucesso.
2025-09-25 14:10:46.087 | INFO     | logger:success:103 | system | none - SUCCESS: Conexão com banco de dados estabelecida com sucesso.
2025-09-25 14:10:46.108 | INFO     | logger:success:103 | system | none - SUCCESS: Tabelas e índices criados ou verificados com sucesso.
2025-09-25 14:10:46.108 | INFO     | logger:success:103 | system | none - SUCCESS: Conexão com banco de dados estabelecida com sucesso.
2025-09-25 14:10:46.129 | INFO     | logger:success:103 | system | none - SUCCESS: Tabelas e índices criados ou verificados com sucesso.
2025-09-25 14:10:46.129 | INFO     | logger:success:103 | system | none - SUCCESS: Conexão com banco de dados estabelecida com sucesso.
2025-09-25 14:10:46.130 | DEBUG    | logger:debug:95 | system | none - Aba de analytics renderizada para rifa Rifa solidaria 
2025-09-25 14:10:46.142 | INFO     | logger:success:103 | system | none - SUCCESS: Tabelas e índices criados ou verificados com sucesso.
2025-09-25 14:10:46.142 | INFO     | logger:success:103 | system | none - SUCCESS: Conexão com banco de dados estabelecida com sucesso.
2025-09-25 14:10:46.145 | DEBUG    | logger:debug:95 | system | none - Rifas do usuário 1 listadas
2025-09-25 14:10:46.147 | INFO     | logger:success:103 | system | none - SUCCESS: Tabelas e índices criados ou verificados com sucesso.
2025-09-25 14:10:46.147 | INFO     | logger:success:103 | system | none - SUCCESS: Conexão com banco de dados estabelecida com sucesso.
2025-09-25 14:10:46.149 | DEBUG    | logger:debug:95 | system | none - Nenhuma rifa sem dono disponível para reivindicação
2025-09-25 14:10:51.370 | INFO     | logger:info:99 | system | none - Aplicação iniciada
2025-09-25 14:10:51.373 | INFO     | logger:success:103 | system | none - SUCCESS: Tabelas e índices criados ou verificados com sucesso.
2025-09-25 14:10:51.373 | INFO     | logger:success:103 | system | none - SUCCESS: Conexão com banco de dados estabelecida com sucesso.
2025-09-25 14:10:51.383 | INFO     | modules.db_data_manager:migrate_from_json:109 | system | none - Migração JSON→SQLite concluída.
2025-09-25 14:10:51.384 | INFO     | logger:success:103 | system | none - SUCCESS: Migração JSON→SQLite executada com sucesso
2025-09-25 14:10:51.389 | INFO     | logger:success:103 | system | none - SUCCESS: Tabelas e índices criados ou verificados com sucesso.
2025-09-25 14:10:51.390 | INFO     | logger:success:103 | system | none - SUCCESS: Conexão com banco de dados estabelecida com sucesso.
2025-09-25 14:10:51.395 | INFO     | logger:success:103 | system | none - SUCCESS: Tabelas e índices criados ou verificados com sucesso.
2025-09-25 14:10:51.395 | INFO     | logger:success:103 | system | none - SUCCESS: Conexão com banco de dados estabelecida com sucesso.
2025-09-25 14:10:51.398 | INFO     | logger:success:103 | system | none - SUCCESS: Tabelas e índices criados ou verificados com sucesso.
2025-09-25 14:10:51.399 | INFO     | logger:success:103 | system | none - SUCCESS: Conexão com banco de dados estabelecida com sucesso.
2025-09-25 14:10:51.402 | INFO     | logger:success:103 | system | none - SUCCESS: Tabelas e índices criados ou verificados com sucesso.
2025-09-25 14:10:51.403 | INFO     | logger:success:103 | system | none - SUCCESS: Conexão com banco de dados estabelecida com sucesso.
2025-09-25 14:10:51.403 | DEBUG    | logger:debug:95 | system | none - Dados da rifa Rifa solidaria  carregados
2025-09-25 14:10:51.412 | INFO     | logger:success:103 | system | none - SUCCESS: Tabelas e índices criados ou verificados com sucesso.
2025-09-25 14:10:51.412 | INFO     | logger:success:103 | system | none - SUCCESS: Conexão com banco de dados estabelecida com sucesso.
2025-09-25 14:10:51.416 | INFO     | logger:success:103 | system | none - SUCCESS: Tabelas e índices criados ou verificados com sucesso.
2025-09-25 14:10:51.417 | INFO     | logger:success:103 | system | none - SUCCESS: Conexão com banco de dados estabelecida com sucesso.
2025-09-25 14:10:51.440 | INFO     | logger:success:103 | system | none - SUCCESS: Tabelas e índices criados ou verificados com sucesso.
2025-09-25 14:10:51.441 | INFO     | logger:success:103 | system | none - SUCCESS: Conexão com banco de dados estabelecida com sucesso.
2025-09-25 14:10:51.450 | DEBUG    | logger:debug:95 | system | none - Histórico de vendas exibido para rifa Rifa solidaria 
2025-09-25 14:10:51.457 | INFO     | logger:success:103 | system | none - SUCCESS: Tabelas e índices criados ou verificados com sucesso.
2025-09-25 14:10:51.457 | INFO     | logger:success:103 | system | none - SUCCESS: Conexão com banco de dados estabelecida com sucesso.
2025-09-25 14:10:51.462 | INFO     | logger:success:103 | system | none - SUCCESS: CSV de vendas gerado para rifa Rifa solidaria 
2025-09-25 14:10:51.468 | DEBUG    | logger:debug:95 | system | none - Filtro de comprador Campos aplicado para PDF
2025-09-25 14:10:51.471 | INFO     | logger:success:103 | system | none - SUCCESS: Tabelas e índices criados ou verificados com sucesso.
2025-09-25 14:10:51.472 | INFO     | logger:success:103 | system | none - SUCCESS: Conexão com banco de dados estabelecida com sucesso.
2025-09-25 14:10:51.478 | INFO     | logger:success:103 | system | none - SUCCESS: Tabelas e índices criados ou verificados com sucesso.
2025-09-25 14:10:51.479 | INFO     | logger:success:103 | system | none - SUCCESS: Conexão com banco de dados estabelecida com sucesso.
2025-09-25 14:10:51.491 | INFO     | logger:success:103 | system | none - SUCCESS: Tabelas e índices criados ou verificados com sucesso.
2025-09-25 14:10:51.493 | INFO     | logger:success:103 | system | none - SUCCESS: Conexão com banco de dados estabelecida com sucesso.
2025-09-25 14:10:51.525 | INFO     | logger:success:103 | system | none - SUCCESS: Tabelas e índices criados ou verificados com sucesso.
2025-09-25 14:10:51.526 | INFO     | logger:success:103 | system | none - SUCCESS: Conexão com banco de dados estabelecida com sucesso.
2025-09-25 14:10:51.625 | INFO     | logger:success:103 | system | none - SUCCESS: Tabelas e índices criados ou verificados com sucesso.
2025-09-25 14:10:51.626 | INFO     | logger:success:103 | system | none - SUCCESS: Conexão com banco de dados estabelecida com sucesso.
2025-09-25 14:10:51.643 | INFO     | logger:success:103 | system | none - SUCCESS: Tabelas e índices criados ou verificados com sucesso.
2025-09-25 14:10:51.643 | INFO     | logger:success:103 | system | none - SUCCESS: Conexão com banco de dados estabelecida com sucesso.
2025-09-25 14:10:51.656 | INFO     | logger:success:103 | system | none - SUCCESS: Tabelas e índices criados ou verificados com sucesso.
2025-09-25 14:10:51.656 | INFO     | logger:success:103 | system | none - SUCCESS: Conexão com banco de dados estabelecida com sucesso.
2025-09-25 14:10:51.672 | INFO     | logger:success:103 | system | none - SUCCESS: Tabelas e índices criados ou verificados com sucesso.
2025-09-25 14:10:51.673 | INFO     | logger:success:103 | system | none - SUCCESS: Conexão com banco de dados estabelecida com sucesso.
2025-09-25 14:10:51.693 | INFO     | logger:success:103 | system | none - SUCCESS: Tabelas e índices criados ou verificados com sucesso.
2025-09-25 14:10:51.693 | INFO     | logger:success:103 | system | none - SUCCESS: Conexão com banco de dados estabelecida com sucesso.
2025-09-25 14:10:51.695 | DEBUG    | logger:debug:95 | system | none - Aba de analytics renderizada para rifa Rifa solidaria 
2025-09-25 14:10:51.706 | INFO     | logger:success:103 | system | none - SUCCESS: Tabelas e índices criados ou verificados com sucesso.
2025-09-25 14:10:51.706 | INFO     | logger:success:103 | system | none - SUCCESS: Conexão com banco de dados estabelecida com sucesso.
2025-09-25 14:10:51.708 | DEBUG    | logger:debug:95 | system | none - Rifas do usuário 1 listadas
2025-09-25 14:10:51.710 | INFO     | logger:success:103 | system | none - SUCCESS: Tabelas e índices criados ou verificados com sucesso.
2025-09-25 14:10:51.711 | INFO     | logger:success:103 | system | none - SUCCESS: Conexão com banco de dados estabelecida com sucesso.
2025-09-25 14:10:51.712 | DEBUG    | logger:debug:95 | system | none - Nenhuma rifa sem dono disponível para reivindicação
2025-09-25 14:10:52.524 | INFO     | logger:info:99 | system | none - Aplicação iniciada
2025-09-25 14:10:52.526 | INFO     | logger:success:103 | system | none - SUCCESS: Tabelas e índices criados ou verificados com sucesso.
2025-09-25 14:10:52.526 | INFO     | logger:success:103 | system | none - SUCCESS: Conexão com banco de dados estabelecida com sucesso.
2025-09-25 14:10:52.535 | INFO     | modules.db_data_manager:migrate_from_json:109 | system | none - Migração JSON→SQLite concluída.
2025-09-25 14:10:52.536 | INFO     | logger:success:103 | system | none - SUCCESS: Migração JSON→SQLite executada com sucesso
2025-09-25 14:10:52.542 | INFO     | logger:success:103 | system | none - SUCCESS: Tabelas e índices criados ou verificados com sucesso.
2025-09-25 14:10:52.542 | INFO     | logger:success:103 | system | none - SUCCESS: Conexão com banco de dados estabelecida com sucesso.
2025-09-25 14:10:52.550 | INFO     | logger:success:103 | system | none - SUCCESS: Tabelas e índices criados ou verificados com sucesso.
2025-09-25 14:10:52.550 | INFO     | logger:success:103 | system | none - SUCCESS: Conexão com banco de dados estabelecida com sucesso.
2025-09-25 14:10:52.553 | INFO     | logger:success:103 | system | none - SUCCESS: Tabelas e índices criados ou verificados com sucesso.
2025-09-25 14:10:52.554 | INFO     | logger:success:103 | system | none - SUCCESS: Conexão com banco de dados estabelecida com sucesso.
2025-09-25 14:10:52.558 | INFO     | logger:success:103 | system | none - SUCCESS: Tabelas e índices criados ou verificados com sucesso.
2025-09-25 14:10:52.558 | INFO     | logger:success:103 | system | none - SUCCESS: Conexão com banco de dados estabelecida com sucesso.
2025-09-25 14:10:52.559 | DEBUG    | logger:debug:95 | system | none - Dados da rifa Rifa solidaria  carregados
2025-09-25 14:10:52.568 | INFO     | logger:success:103 | system | none - SUCCESS: Tabelas e índices criados ou verificados com sucesso.
2025-09-25 14:10:52.569 | INFO     | logger:success:103 | system | none - SUCCESS: Conexão com banco de dados estabelecida com sucesso.
2025-09-25 14:10:52.572 | INFO     | logger:success:103 | system | none - SUCCESS: Tabelas e índices criados ou verificados com sucesso.
2025-09-25 14:10:52.573 | INFO     | logger:success:103 | system | none - SUCCESS: Conexão com banco de dados estabelecida com sucesso.
2025-09-25 14:10:52.599 | INFO     | logger:success:103 | system | none - SUCCESS: Tabelas e índices criados ou verificados com sucesso.
2025-09-25 14:10:52.600 | INFO     | logger:success:103 | system | none - SUCCESS: Conexão com banco de dados estabelecida com sucesso.
2025-09-25 14:10:52.608 | DEBUG    | logger:debug:95 | system | none - Histórico de vendas exibido para rifa Rifa solidaria 
2025-09-25 14:10:52.617 | INFO     | logger:success:103 | system | none - SUCCESS: Tabelas e índices criados ou verificados com sucesso.
2025-09-25 14:10:52.618 | INFO     | logger:success:103 | system | none - SUCCESS: Conexão com banco de dados estabelecida com sucesso.
2025-09-25 14:10:52.626 | INFO     | logger:success:103 | system | none - SUCCESS: CSV de vendas gerado para rifa Rifa solidaria 
2025-09-25 14:10:52.630 | DEBUG    | logger:debug:95 | system | none - Filtro de comprador Campos aplicado para PDF
2025-09-25 14:10:52.640 | ERROR    | logger:error:116 | system | none - Falha ao gerar PDF para rifa Rifa solidaria  | Exception: Invalid binary data format: <class 'bytearray'> | Traceback: Traceback (most recent call last):
  File "D:\GithubGit\MeuPortfolio\plataforma_rifas\app.py", line 234, in main
    st.download_button("Baixar PDF", data=pdf_bytes, file_name=fname, mime="application/pdf")
    ~~~~~~~~~~~~~~~~~~^^^^^^^^^^^^^^^^^^^^^^^^^^^^^^^^^^^^^^^^^^^^^^^^^^^^^^^^^^^^^^^^^^^^^^^
  File "D:\GithubGit\MeuPortfolio\plataforma_rifas\venv\Lib\site-packages\streamlit\runtime\metrics_util.py", line 443, in wrapped_func
    result = non_optional_func(*args, **kwargs)
  File "D:\GithubGit\MeuPortfolio\plataforma_rifas\venv\Lib\site-packages\streamlit\elements\widgets\button.py", line 576, in download_button
    return self._download_button(
           ~~~~~~~~~~~~~~~~~~~~~^
        label=label,
        ^^^^^^^^^^^^
    ...<12 lines>...
        width=width,
        ^^^^^^^^^^^^
    )
    ^
  File "D:\GithubGit\MeuPortfolio\plataforma_rifas\venv\Lib\site-packages\streamlit\elements\widgets\button.py", line 938, in _download_button
    marshall_file(
    ~~~~~~~~~~~~~^
        self.dg._get_delta_path_str(), data, download_button_proto, mime, file_name
        ^^^^^^^^^^^^^^^^^^^^^^^^^^^^^^^^^^^^^^^^^^^^^^^^^^^^^^^^^^^^^^^^^^^^^^^^^^^
    )
    ^
  File "D:\GithubGit\MeuPortfolio\plataforma_rifas\venv\Lib\site-packages\streamlit\elements\widgets\button.py", line 1225, in marshall_file
    raise StreamlitAPIException(f"Invalid binary data format: {type(data)}")
streamlit.errors.StreamlitAPIException: Invalid binary data format: <class 'bytearray'>

Traceback (most recent call last):

  File "C:\Program Files\WindowsApps\PythonSoftwareFoundation.Python.3.13_3.13.2032.0_x64__qbz5n2kfra8p0\Lib\threading.py", line 1014, in _bootstrap
    self._bootstrap_inner()
    │    └ <function Thread._bootstrap_inner at 0x000001F87143A480>
    └ <Thread(ScriptRunner.scriptThread, started 6856)>
  File "C:\Program Files\WindowsApps\PythonSoftwareFoundation.Python.3.13_3.13.2032.0_x64__qbz5n2kfra8p0\Lib\threading.py", line 1043, in _bootstrap_inner
    self.run()
    │    └ <function Thread.run at 0x000001F87143A200>
    └ <Thread(ScriptRunner.scriptThread, started 6856)>
  File "C:\Program Files\WindowsApps\PythonSoftwareFoundation.Python.3.13_3.13.2032.0_x64__qbz5n2kfra8p0\Lib\threading.py", line 994, in run
    self._target(*self._args, **self._kwargs)
    │    │        │    │        │    └ {}
    │    │        │    │        └ <Thread(ScriptRunner.scriptThread, started 6856)>
    │    │        │    └ ()
    │    │        └ <Thread(ScriptRunner.scriptThread, started 6856)>
    │    └ <bound method ScriptRunner._run_script_thread of ScriptRunner(_session_id='4c9f93e8-a7ef-41d7-80b3-c5f12fde7d30', _main_scrip...
    └ <Thread(ScriptRunner.scriptThread, started 6856)>
  File "D:\GithubGit\MeuPortfolio\plataforma_rifas\venv\Lib\site-packages\streamlit\runtime\scriptrunner\script_runner.py", line 378, in _run_script_thread
    self._run_script(request.rerun_data)
    │    │           │       └ <property object at 0x000001F871C511C0>
    │    │           └ ScriptRequest(type=<ScriptRequestType.RERUN: 'RERUN'>, _rerun_data=RerunData(widget_states=widgets {
    │    │               id: "$$ID-84d96220c70d...
    │    └ <function ScriptRunner._run_script at 0x000001F871D40180>
    └ ScriptRunner(_session_id='4c9f93e8-a7ef-41d7-80b3-c5f12fde7d30', _main_script_path='app.py', _session_state={$$ID-22f128d38d0...
  File "D:\GithubGit\MeuPortfolio\plataforma_rifas\venv\Lib\site-packages\streamlit\runtime\scriptrunner\script_runner.py", line 685, in _run_script
    ) = exec_func_with_error_handling(code_to_exec, ctx)
        │                             │             └ ScriptRunContext(session_id='4c9f93e8-a7ef-41d7-80b3-c5f12fde7d30', _enqueue=<bound method ScriptRunner._enqueue_forward_msg ...
        │                             └ <function ScriptRunner._run_script.<locals>.code_to_exec at 0x000001F81075D9E0>
        └ <function exec_func_with_error_handling at 0x000001F871CE4180>
  File "D:\GithubGit\MeuPortfolio\plataforma_rifas\venv\Lib\site-packages\streamlit\runtime\scriptrunner\exec_code.py", line 128, in exec_func_with_error_handling
    result = func()
             └ <function ScriptRunner._run_script.<locals>.code_to_exec at 0x000001F81075D9E0>
  File "D:\GithubGit\MeuPortfolio\plataforma_rifas\venv\Lib\site-packages\streamlit\runtime\scriptrunner\script_runner.py", line 669, in code_to_exec
    exec(code, module.__dict__)  # noqa: S102
         │     │      └ <member '__dict__' of 'module' objects>
         │     └ <module '__main__' from 'app.py'>
         └ <code object <module> at 0x000001F872377AD0, file "D:\GithubGit\MeuPortfolio\plataforma_rifas\app.py", line 1>

  File "D:\GithubGit\MeuPortfolio\plataforma_rifas\app.py", line 518, in <module>
    main()
    └ <function main at 0x000001F81075E020>

> File "D:\GithubGit\MeuPortfolio\plataforma_rifas\app.py", line 234, in main
    st.download_button("Baixar PDF", data=pdf_bytes, file_name=fname, mime="application/pdf")
    │  │                                  │                    └ 'Rifa_solidaria_Campos_comprovante.pdf'
    │  │                                  └ bytearray(b'%PDF-1.3\n1 0 obj\n<<\n/Count 1\n/Kids [3 0 R]\n/MediaBox [0 0 595.28 841.89]\n/Type /Pages\n>>\nendobj\n2 0 obj\...
    │  └ <bound method ButtonMixin.download_button of DeltaGenerator()>
    └ <module 'streamlit' from 'D:\\GithubGit\\MeuPortfolio\\plataforma_rifas\\venv\\Lib\\site-packages\\streamlit\\__init__.py'>

  File "D:\GithubGit\MeuPortfolio\plataforma_rifas\venv\Lib\site-packages\streamlit\runtime\metrics_util.py", line 443, in wrapped_func
    result = non_optional_func(*args, **kwargs)
             │                  │       └ {'data': bytearray(b'%PDF-1.3\n1 0 obj\n<<\n/Count 1\n/Kids [3 0 R]\n/MediaBox [0 0 595.28 841.89]\n/Type /Pages\n>>\nendobj\...
             │                  └ (DeltaGenerator(), 'Baixar PDF')
             └ <function ButtonMixin.download_button at 0x000001F871EF1F80>
  File "D:\GithubGit\MeuPortfolio\plataforma_rifas\venv\Lib\site-packages\streamlit\elements\widgets\button.py", line 576, in download_button
    return self._download_button(
           │    └ <function ButtonMixin._download_button at 0x000001F871EF1B20>
           └ DeltaGenerator()
  File "D:\GithubGit\MeuPortfolio\plataforma_rifas\venv\Lib\site-packages\streamlit\elements\widgets\button.py", line 938, in _download_button
    marshall_file(
    └ <function marshall_file at 0x000001F871EF1120>
  File "D:\GithubGit\MeuPortfolio\plataforma_rifas\venv\Lib\site-packages\streamlit\elements\widgets\button.py", line 1225, in marshall_file
    raise StreamlitAPIException(f"Invalid binary data format: {type(data)}")
          │                                                         └ bytearray(b'%PDF-1.3\n1 0 obj\n<<\n/Count 1\n/Kids [3 0 R]\n/MediaBox [0 0 595.28 841.89]\n/Type /Pages\n>>\nendobj\n2 0 obj\...
          └ <class 'streamlit.errors.StreamlitAPIException'>

streamlit.errors.StreamlitAPIException: Invalid binary data format: <class 'bytearray'>
2025-09-25 14:10:52.649 | INFO     | logger:success:103 | system | none - SUCCESS: Tabelas e índices criados ou verificados com sucesso.
2025-09-25 14:10:52.651 | INFO     | logger:success:103 | system | none - SUCCESS: Conexão com banco de dados estabelecida com sucesso.
2025-09-25 14:10:52.654 | INFO     | logger:success:103 | system | none - SUCCESS: Tabelas e índices criados ou verificados com sucesso.
2025-09-25 14:10:52.655 | INFO     | logger:success:103 | system | none - SUCCESS: Conexão com banco de dados estabelecida com sucesso.
2025-09-25 14:10:52.661 | INFO     | logger:success:103 | system | none - SUCCESS: Tabelas e índices criados ou verificados com sucesso.
2025-09-25 14:10:52.662 | INFO     | logger:success:103 | system | none - SUCCESS: Conexão com banco de dados estabelecida com sucesso.
2025-09-25 14:10:52.683 | INFO     | logger:success:103 | system | none - SUCCESS: Tabelas e índices criados ou verificados com sucesso.
2025-09-25 14:10:52.684 | INFO     | logger:success:103 | system | none - SUCCESS: Conexão com banco de dados estabelecida com sucesso.
2025-09-25 14:10:52.741 | INFO     | logger:success:103 | system | none - SUCCESS: Tabelas e índices criados ou verificados com sucesso.
2025-09-25 14:10:52.741 | INFO     | logger:success:103 | system | none - SUCCESS: Conexão com banco de dados estabelecida com sucesso.
2025-09-25 14:10:52.757 | INFO     | logger:success:103 | system | none - SUCCESS: Tabelas e índices criados ou verificados com sucesso.
2025-09-25 14:10:52.758 | INFO     | logger:success:103 | system | none - SUCCESS: Conexão com banco de dados estabelecida com sucesso.
2025-09-25 14:10:52.768 | INFO     | logger:success:103 | system | none - SUCCESS: Tabelas e índices criados ou verificados com sucesso.
2025-09-25 14:10:52.768 | INFO     | logger:success:103 | system | none - SUCCESS: Conexão com banco de dados estabelecida com sucesso.
2025-09-25 14:10:52.786 | INFO     | logger:success:103 | system | none - SUCCESS: Tabelas e índices criados ou verificados com sucesso.
2025-09-25 14:10:52.786 | INFO     | logger:success:103 | system | none - SUCCESS: Conexão com banco de dados estabelecida com sucesso.
2025-09-25 14:10:52.809 | INFO     | logger:success:103 | system | none - SUCCESS: Tabelas e índices criados ou verificados com sucesso.
2025-09-25 14:10:52.809 | INFO     | logger:success:103 | system | none - SUCCESS: Conexão com banco de dados estabelecida com sucesso.
2025-09-25 14:10:52.811 | DEBUG    | logger:debug:95 | system | none - Aba de analytics renderizada para rifa Rifa solidaria 
2025-09-25 14:10:52.824 | INFO     | logger:success:103 | system | none - SUCCESS: Tabelas e índices criados ou verificados com sucesso.
2025-09-25 14:10:52.825 | INFO     | logger:success:103 | system | none - SUCCESS: Conexão com banco de dados estabelecida com sucesso.
2025-09-25 14:10:52.827 | DEBUG    | logger:debug:95 | system | none - Rifas do usuário 1 listadas
2025-09-25 14:10:52.832 | INFO     | logger:success:103 | system | none - SUCCESS: Tabelas e índices criados ou verificados com sucesso.
2025-09-25 14:10:52.832 | INFO     | logger:success:103 | system | none - SUCCESS: Conexão com banco de dados estabelecida com sucesso.
2025-09-25 14:10:52.833 | DEBUG    | logger:debug:95 | system | none - Nenhuma rifa sem dono disponível para reivindicação
