2025-09-25 14:12:06.652 | INFO     | logger:success:103 | system | none - SUCCESS: Diretório de dados criado ou verificado com sucesso: D:\GithubGit\MeuPortfolio\plataforma_rifas\data
2025-09-25 14:12:06.905 | INFO     | logger:info:99 | system | none - Aplicação iniciada
2025-09-25 14:12:06.907 | INFO     | logger:success:103 | system | none - SUCCESS: Tabelas e índices criados ou verificados com sucesso.
2025-09-25 14:12:06.908 | INFO     | logger:success:103 | system | none - SUCCESS: Conexão com banco de dados estabelecida com sucesso.
2025-09-25 14:12:06.917 | INFO     | modules.db_data_manager:migrate_from_json:109 | system | none - Migração JSON→SQLite concluída.
2025-09-25 14:12:06.917 | INFO     | logger:success:103 | system | none - SUCCESS: Migração JSON→SQLite executada com sucesso
2025-09-25 14:12:07.189 | INFO     | logger:success:103 | system | none - SUCCESS: Tabelas e índices criados ou verificados com sucesso.
2025-09-25 14:12:07.189 | INFO     | logger:success:103 | system | none - SUCCESS: Conexão com banco de dados estabelecida com sucesso.
2025-09-25 14:12:07.193 | INFO     | logger:info:99 | system | none - Nenhuma rifa selecionada, aplicação pausada
2025-09-25 14:12:12.782 | INFO     | logger:info:99 | system | none - Aplicação iniciada
2025-09-25 14:12:12.784 | INFO     | logger:success:103 | system | none - SUCCESS: Tabelas e índices criados ou verificados com sucesso.
2025-09-25 14:12:12.784 | INFO     | logger:success:103 | system | none - SUCCESS: Conexão com banco de dados estabelecida com sucesso.
2025-09-25 14:12:12.794 | INFO     | modules.db_data_manager:migrate_from_json:109 | system | none - Migração JSON→SQLite concluída.
2025-09-25 14:12:12.794 | INFO     | logger:success:103 | system | none - SUCCESS: Migração JSON→SQLite executada com sucesso
2025-09-25 14:12:12.805 | INFO     | logger:success:103 | system | none - SUCCESS: Tabelas e índices criados ou verificados com sucesso.
2025-09-25 14:12:12.806 | INFO     | logger:success:103 | system | none - SUCCESS: Conexão com banco de dados estabelecida com sucesso.
2025-09-25 14:12:12.810 | INFO     | logger:info:99 | system | none - Nenhuma rifa selecionada, aplicação pausada
2025-09-25 14:12:16.038 | INFO     | logger:info:99 | system | none - Aplicação iniciada
2025-09-25 14:12:16.040 | INFO     | logger:success:103 | system | none - SUCCESS: Tabelas e índices criados ou verificados com sucesso.
2025-09-25 14:12:16.041 | INFO     | logger:success:103 | system | none - SUCCESS: Conexão com banco de dados estabelecida com sucesso.
2025-09-25 14:12:16.047 | INFO     | modules.db_data_manager:migrate_from_json:109 | system | none - Migração JSON→SQLite concluída.
2025-09-25 14:12:16.047 | INFO     | logger:success:103 | system | none - SUCCESS: Migração JSON→SQLite executada com sucesso
2025-09-25 14:12:16.055 | INFO     | logger:success:103 | system | none - SUCCESS: Tabelas e índices criados ou verificados com sucesso.
2025-09-25 14:12:16.056 | INFO     | logger:success:103 | system | none - SUCCESS: Conexão com banco de dados estabelecida com sucesso.
2025-09-25 14:12:16.060 | INFO     | logger:info:99 | system | none - Nenhuma rifa selecionada, aplicação pausada
2025-09-25 14:12:16.178 | INFO     | logger:info:99 | system | none - Aplicação iniciada
2025-09-25 14:12:16.181 | INFO     | logger:success:103 | system | none - SUCCESS: Tabelas e índices criados ou verificados com sucesso.
2025-09-25 14:12:16.182 | INFO     | logger:success:103 | system | none - SUCCESS: Conexão com banco de dados estabelecida com sucesso.
2025-09-25 14:12:16.187 | INFO     | modules.db_data_manager:migrate_from_json:109 | system | none - Migração JSON→SQLite concluída.
2025-09-25 14:12:16.187 | INFO     | logger:success:103 | system | none - SUCCESS: Migração JSON→SQLite executada com sucesso
2025-09-25 14:12:16.192 | INFO     | logger:success:103 | system | none - SUCCESS: Tabelas e índices criados ou verificados com sucesso.
2025-09-25 14:12:16.192 | INFO     | logger:success:103 | system | none - SUCCESS: Conexão com banco de dados estabelecida com sucesso.
2025-09-25 14:12:16.410 | INFO     | logger:success:103 | system | 1 - SUCCESS: Usuário tassiolucian@gmail.com logado com sucesso
2025-09-25 14:12:16.453 | INFO     | logger:info:99 | system | none - Aplicação iniciada
2025-09-25 14:12:16.455 | INFO     | logger:success:103 | system | none - SUCCESS: Tabelas e índices criados ou verificados com sucesso.
2025-09-25 14:12:16.455 | INFO     | logger:success:103 | system | none - SUCCESS: Conexão com banco de dados estabelecida com sucesso.
2025-09-25 14:12:16.459 | INFO     | modules.db_data_manager:migrate_from_json:109 | system | none - Migração JSON→SQLite concluída.
2025-09-25 14:12:16.459 | INFO     | logger:success:103 | system | none - SUCCESS: Migração JSON→SQLite executada com sucesso
2025-09-25 14:12:16.463 | INFO     | logger:success:103 | system | none - SUCCESS: Tabelas e índices criados ou verificados com sucesso.
2025-09-25 14:12:16.463 | INFO     | logger:success:103 | system | none - SUCCESS: Conexão com banco de dados estabelecida com sucesso.
2025-09-25 14:12:16.467 | INFO     | logger:success:103 | system | none - SUCCESS: Tabelas e índices criados ou verificados com sucesso.
2025-09-25 14:12:16.468 | INFO     | logger:success:103 | system | none - SUCCESS: Conexão com banco de dados estabelecida com sucesso.
2025-09-25 14:12:16.469 | INFO     | logger:info:99 | system | none - Nenhuma rifa selecionada, aplicação pausada
2025-09-25 14:12:18.333 | INFO     | logger:info:99 | system | none - Aplicação iniciada
2025-09-25 14:12:18.334 | INFO     | logger:success:103 | system | none - SUCCESS: Tabelas e índices criados ou verificados com sucesso.
2025-09-25 14:12:18.335 | INFO     | logger:success:103 | system | none - SUCCESS: Conexão com banco de dados estabelecida com sucesso.
2025-09-25 14:12:18.345 | INFO     | modules.db_data_manager:migrate_from_json:109 | system | none - Migração JSON→SQLite concluída.
2025-09-25 14:12:18.345 | INFO     | logger:success:103 | system | none - SUCCESS: Migração JSON→SQLite executada com sucesso
2025-09-25 14:12:18.350 | INFO     | logger:success:103 | system | none - SUCCESS: Tabelas e índices criados ou verificados com sucesso.
2025-09-25 14:12:18.350 | INFO     | logger:success:103 | system | none - SUCCESS: Conexão com banco de dados estabelecida com sucesso.
2025-09-25 14:12:18.357 | INFO     | logger:success:103 | system | none - SUCCESS: Tabelas e índices criados ou verificados com sucesso.
2025-09-25 14:12:18.357 | INFO     | logger:success:103 | system | none - SUCCESS: Conexão com banco de dados estabelecida com sucesso.
2025-09-25 14:12:18.362 | INFO     | logger:success:103 | system | none - SUCCESS: Tabelas e índices criados ou verificados com sucesso.
2025-09-25 14:12:18.363 | INFO     | logger:success:103 | system | none - SUCCESS: Conexão com banco de dados estabelecida com sucesso.
2025-09-25 14:12:18.364 | INFO     | logger:success:103 | system | none - SUCCESS: Tabelas e índices criados ou verificados com sucesso.
2025-09-25 14:12:18.365 | INFO     | logger:success:103 | system | none - SUCCESS: Conexão com banco de dados estabelecida com sucesso.
2025-09-25 14:12:18.366 | DEBUG    | logger:debug:95 | system | none - Dados da rifa Rifa solidaria  carregados
2025-09-25 14:12:18.433 | INFO     | logger:success:103 | system | none - SUCCESS: Tabelas e índices criados ou verificados com sucesso.
2025-09-25 14:12:18.433 | INFO     | logger:success:103 | system | none - SUCCESS: Conexão com banco de dados estabelecida com sucesso.
2025-09-25 14:12:18.435 | INFO     | logger:success:103 | system | none - SUCCESS: Tabelas e índices criados ou verificados com sucesso.
2025-09-25 14:12:18.435 | INFO     | logger:success:103 | system | none - SUCCESS: Conexão com banco de dados estabelecida com sucesso.
2025-09-25 14:12:18.455 | INFO     | logger:success:103 | system | none - SUCCESS: Tabelas e índices criados ou verificados com sucesso.
2025-09-25 14:12:18.456 | INFO     | logger:success:103 | system | none - SUCCESS: Conexão com banco de dados estabelecida com sucesso.
2025-09-25 14:12:18.468 | DEBUG    | logger:debug:95 | system | none - Histórico de vendas exibido para rifa Rifa solidaria 
2025-09-25 14:12:18.475 | INFO     | logger:success:103 | system | none - SUCCESS: Tabelas e índices criados ou verificados com sucesso.
2025-09-25 14:12:18.475 | INFO     | logger:success:103 | system | none - SUCCESS: Conexão com banco de dados estabelecida com sucesso.
2025-09-25 14:12:18.481 | INFO     | logger:success:103 | system | none - SUCCESS: CSV de vendas gerado para rifa Rifa solidaria 
2025-09-25 14:12:18.486 | INFO     | logger:success:103 | system | none - SUCCESS: Tabelas e índices criados ou verificados com sucesso.
2025-09-25 14:12:18.487 | INFO     | logger:success:103 | system | none - SUCCESS: Conexão com banco de dados estabelecida com sucesso.
2025-09-25 14:12:18.488 | INFO     | logger:success:103 | system | none - SUCCESS: Tabelas e índices criados ou verificados com sucesso.
2025-09-25 14:12:18.488 | INFO     | logger:success:103 | system | none - SUCCESS: Conexão com banco de dados estabelecida com sucesso.
2025-09-25 14:12:18.494 | INFO     | logger:success:103 | system | none - SUCCESS: Tabelas e índices criados ou verificados com sucesso.
2025-09-25 14:12:18.494 | INFO     | logger:success:103 | system | none - SUCCESS: Conexão com banco de dados estabelecida com sucesso.
2025-09-25 14:12:18.537 | INFO     | logger:success:103 | system | none - SUCCESS: Tabelas e índices criados ou verificados com sucesso.
2025-09-25 14:12:18.537 | INFO     | logger:success:103 | system | none - SUCCESS: Conexão com banco de dados estabelecida com sucesso.
2025-09-25 14:12:18.594 | INFO     | logger:success:103 | system | none - SUCCESS: Tabelas e índices criados ou verificados com sucesso.
2025-09-25 14:12:18.595 | INFO     | logger:success:103 | system | none - SUCCESS: Conexão com banco de dados estabelecida com sucesso.
2025-09-25 14:12:18.608 | INFO     | logger:success:103 | system | none - SUCCESS: Tabelas e índices criados ou verificados com sucesso.
2025-09-25 14:12:18.608 | INFO     | logger:success:103 | system | none - SUCCESS: Conexão com banco de dados estabelecida com sucesso.
2025-09-25 14:12:18.622 | INFO     | logger:success:103 | system | none - SUCCESS: Tabelas e índices criados ou verificados com sucesso.
2025-09-25 14:12:18.622 | INFO     | logger:success:103 | system | none - SUCCESS: Conexão com banco de dados estabelecida com sucesso.
2025-09-25 14:12:18.638 | INFO     | logger:success:103 | system | none - SUCCESS: Tabelas e índices criados ou verificados com sucesso.
2025-09-25 14:12:18.638 | INFO     | logger:success:103 | system | none - SUCCESS: Conexão com banco de dados estabelecida com sucesso.
2025-09-25 14:12:18.658 | INFO     | logger:success:103 | system | none - SUCCESS: Tabelas e índices criados ou verificados com sucesso.
2025-09-25 14:12:18.659 | INFO     | logger:success:103 | system | none - SUCCESS: Conexão com banco de dados estabelecida com sucesso.
2025-09-25 14:12:18.661 | DEBUG    | logger:debug:95 | system | none - Aba de analytics renderizada para rifa Rifa solidaria 
2025-09-25 14:12:18.670 | INFO     | logger:success:103 | system | none - SUCCESS: Tabelas e índices criados ou verificados com sucesso.
2025-09-25 14:12:18.671 | INFO     | logger:success:103 | system | none - SUCCESS: Conexão com banco de dados estabelecida com sucesso.
2025-09-25 14:12:18.672 | DEBUG    | logger:debug:95 | system | none - Rifas do usuário 1 listadas
2025-09-25 14:12:18.673 | INFO     | logger:success:103 | system | none - SUCCESS: Tabelas e índices criados ou verificados com sucesso.
2025-09-25 14:12:18.673 | INFO     | logger:success:103 | system | none - SUCCESS: Conexão com banco de dados estabelecida com sucesso.
2025-09-25 14:12:18.674 | DEBUG    | logger:debug:95 | system | none - Nenhuma rifa sem dono disponível para reivindicação
2025-09-25 14:12:32.136 | INFO     | logger:info:99 | system | none - Aplicação iniciada
2025-09-25 14:12:32.139 | INFO     | logger:success:103 | system | none - SUCCESS: Tabelas e índices criados ou verificados com sucesso.
2025-09-25 14:12:32.139 | INFO     | logger:success:103 | system | none - SUCCESS: Conexão com banco de dados estabelecida com sucesso.
2025-09-25 14:12:32.149 | INFO     | modules.db_data_manager:migrate_from_json:109 | system | none - Migração JSON→SQLite concluída.
2025-09-25 14:12:32.149 | INFO     | logger:success:103 | system | none - SUCCESS: Migração JSON→SQLite executada com sucesso
2025-09-25 14:12:32.154 | INFO     | logger:success:103 | system | none - SUCCESS: Tabelas e índices criados ou verificados com sucesso.
2025-09-25 14:12:32.154 | INFO     | logger:success:103 | system | none - SUCCESS: Conexão com banco de dados estabelecida com sucesso.
2025-09-25 14:12:32.160 | INFO     | logger:success:103 | system | none - SUCCESS: Tabelas e índices criados ou verificados com sucesso.
2025-09-25 14:12:32.161 | INFO     | logger:success:103 | system | none - SUCCESS: Conexão com banco de dados estabelecida com sucesso.
2025-09-25 14:12:32.163 | INFO     | logger:success:103 | system | none - SUCCESS: Tabelas e índices criados ou verificados com sucesso.
2025-09-25 14:12:32.164 | INFO     | logger:success:103 | system | none - SUCCESS: Conexão com banco de dados estabelecida com sucesso.
2025-09-25 14:12:32.165 | INFO     | logger:success:103 | system | none - SUCCESS: Tabelas e índices criados ou verificados com sucesso.
2025-09-25 14:12:32.165 | INFO     | logger:success:103 | system | none - SUCCESS: Conexão com banco de dados estabelecida com sucesso.
2025-09-25 14:12:32.166 | DEBUG    | logger:debug:95 | system | none - Dados da rifa Rifa solidaria  carregados
2025-09-25 14:12:32.175 | INFO     | logger:success:103 | system | none - SUCCESS: Tabelas e índices criados ou verificados com sucesso.
2025-09-25 14:12:32.175 | INFO     | logger:success:103 | system | none - SUCCESS: Conexão com banco de dados estabelecida com sucesso.
2025-09-25 14:12:32.178 | INFO     | logger:success:103 | system | none - SUCCESS: Tabelas e índices criados ou verificados com sucesso.
2025-09-25 14:12:32.179 | INFO     | logger:success:103 | system | none - SUCCESS: Conexão com banco de dados estabelecida com sucesso.
2025-09-25 14:12:32.204 | INFO     | logger:success:103 | system | none - SUCCESS: Tabelas e índices criados ou verificados com sucesso.
2025-09-25 14:12:32.205 | INFO     | logger:success:103 | system | none - SUCCESS: Conexão com banco de dados estabelecida com sucesso.
2025-09-25 14:12:32.209 | DEBUG    | logger:debug:95 | system | none - Histórico de vendas exibido para rifa Rifa solidaria 
2025-09-25 14:12:32.216 | INFO     | logger:success:103 | system | none - SUCCESS: Tabelas e índices criados ou verificados com sucesso.
2025-09-25 14:12:32.217 | INFO     | logger:success:103 | system | none - SUCCESS: Conexão com banco de dados estabelecida com sucesso.
2025-09-25 14:12:32.221 | INFO     | logger:success:103 | system | none - SUCCESS: CSV de vendas gerado para rifa Rifa solidaria 
2025-09-25 14:12:32.224 | DEBUG    | logger:debug:95 | system | none - Filtro de comprador Gleison aplicado para PDF
2025-09-25 14:12:32.227 | INFO     | logger:success:103 | system | none - SUCCESS: Tabelas e índices criados ou verificados com sucesso.
2025-09-25 14:12:32.228 | INFO     | logger:success:103 | system | none - SUCCESS: Conexão com banco de dados estabelecida com sucesso.
2025-09-25 14:12:32.231 | INFO     | logger:success:103 | system | none - SUCCESS: Tabelas e índices criados ou verificados com sucesso.
2025-09-25 14:12:32.231 | INFO     | logger:success:103 | system | none - SUCCESS: Conexão com banco de dados estabelecida com sucesso.
2025-09-25 14:12:32.237 | INFO     | logger:success:103 | system | none - SUCCESS: Tabelas e índices criados ou verificados com sucesso.
2025-09-25 14:12:32.238 | INFO     | logger:success:103 | system | none - SUCCESS: Conexão com banco de dados estabelecida com sucesso.
2025-09-25 14:12:32.254 | INFO     | logger:success:103 | system | none - SUCCESS: Tabelas e índices criados ou verificados com sucesso.
2025-09-25 14:12:32.254 | INFO     | logger:success:103 | system | none - SUCCESS: Conexão com banco de dados estabelecida com sucesso.
2025-09-25 14:12:32.310 | INFO     | logger:success:103 | system | none - SUCCESS: Tabelas e índices criados ou verificados com sucesso.
2025-09-25 14:12:32.311 | INFO     | logger:success:103 | system | none - SUCCESS: Conexão com banco de dados estabelecida com sucesso.
2025-09-25 14:12:32.326 | INFO     | logger:success:103 | system | none - SUCCESS: Tabelas e índices criados ou verificados com sucesso.
2025-09-25 14:12:32.326 | INFO     | logger:success:103 | system | none - SUCCESS: Conexão com banco de dados estabelecida com sucesso.
2025-09-25 14:12:32.337 | INFO     | logger:success:103 | system | none - SUCCESS: Tabelas e índices criados ou verificados com sucesso.
2025-09-25 14:12:32.338 | INFO     | logger:success:103 | system | none - SUCCESS: Conexão com banco de dados estabelecida com sucesso.
2025-09-25 14:12:32.355 | INFO     | logger:success:103 | system | none - SUCCESS: Tabelas e índices criados ou verificados com sucesso.
2025-09-25 14:12:32.355 | INFO     | logger:success:103 | system | none - SUCCESS: Conexão com banco de dados estabelecida com sucesso.
2025-09-25 14:12:32.378 | INFO     | logger:success:103 | system | none - SUCCESS: Tabelas e índices criados ou verificados com sucesso.
2025-09-25 14:12:32.378 | INFO     | logger:success:103 | system | none - SUCCESS: Conexão com banco de dados estabelecida com sucesso.
2025-09-25 14:12:32.380 | DEBUG    | logger:debug:95 | system | none - Aba de analytics renderizada para rifa Rifa solidaria 
2025-09-25 14:12:32.390 | INFO     | logger:success:103 | system | none - SUCCESS: Tabelas e índices criados ou verificados com sucesso.
2025-09-25 14:12:32.390 | INFO     | logger:success:103 | system | none - SUCCESS: Conexão com banco de dados estabelecida com sucesso.
2025-09-25 14:12:32.393 | DEBUG    | logger:debug:95 | system | none - Rifas do usuário 1 listadas
2025-09-25 14:12:32.397 | INFO     | logger:success:103 | system | none - SUCCESS: Tabelas e índices criados ou verificados com sucesso.
2025-09-25 14:12:32.398 | INFO     | logger:success:103 | system | none - SUCCESS: Conexão com banco de dados estabelecida com sucesso.
2025-09-25 14:12:32.399 | DEBUG    | logger:debug:95 | system | none - Nenhuma rifa sem dono disponível para reivindicação
2025-09-25 14:12:32.962 | INFO     | logger:info:99 | system | none - Aplicação iniciada
2025-09-25 14:12:32.964 | INFO     | logger:success:103 | system | none - SUCCESS: Tabelas e índices criados ou verificados com sucesso.
2025-09-25 14:12:32.964 | INFO     | logger:success:103 | system | none - SUCCESS: Conexão com banco de dados estabelecida com sucesso.
2025-09-25 14:12:32.968 | INFO     | modules.db_data_manager:migrate_from_json:109 | system | none - Migração JSON→SQLite concluída.
2025-09-25 14:12:32.969 | INFO     | logger:success:103 | system | none - SUCCESS: Migração JSON→SQLite executada com sucesso
2025-09-25 14:12:32.972 | INFO     | logger:success:103 | system | none - SUCCESS: Tabelas e índices criados ou verificados com sucesso.
2025-09-25 14:12:32.972 | INFO     | logger:success:103 | system | none - SUCCESS: Conexão com banco de dados estabelecida com sucesso.
2025-09-25 14:12:32.977 | INFO     | logger:success:103 | system | none - SUCCESS: Tabelas e índices criados ou verificados com sucesso.
2025-09-25 14:12:32.978 | INFO     | logger:success:103 | system | none - SUCCESS: Conexão com banco de dados estabelecida com sucesso.
2025-09-25 14:12:32.980 | INFO     | logger:success:103 | system | none - SUCCESS: Tabelas e índices criados ou verificados com sucesso.
2025-09-25 14:12:32.980 | INFO     | logger:success:103 | system | none - SUCCESS: Conexão com banco de dados estabelecida com sucesso.
2025-09-25 14:12:32.981 | INFO     | logger:success:103 | system | none - SUCCESS: Tabelas e índices criados ou verificados com sucesso.
2025-09-25 14:12:32.982 | INFO     | logger:success:103 | system | none - SUCCESS: Conexão com banco de dados estabelecida com sucesso.
2025-09-25 14:12:32.983 | DEBUG    | logger:debug:95 | system | none - Dados da rifa Rifa solidaria  carregados
2025-09-25 14:12:32.989 | INFO     | logger:success:103 | system | none - SUCCESS: Tabelas e índices criados ou verificados com sucesso.
2025-09-25 14:12:32.989 | INFO     | logger:success:103 | system | none - SUCCESS: Conexão com banco de dados estabelecida com sucesso.
2025-09-25 14:12:32.991 | INFO     | logger:success:103 | system | none - SUCCESS: Tabelas e índices criados ou verificados com sucesso.
2025-09-25 14:12:32.992 | INFO     | logger:success:103 | system | none - SUCCESS: Conexão com banco de dados estabelecida com sucesso.
2025-09-25 14:12:33.010 | INFO     | logger:success:103 | system | none - SUCCESS: Tabelas e índices criados ou verificados com sucesso.
2025-09-25 14:12:33.011 | INFO     | logger:success:103 | system | none - SUCCESS: Conexão com banco de dados estabelecida com sucesso.
2025-09-25 14:12:33.016 | DEBUG    | logger:debug:95 | system | none - Histórico de vendas exibido para rifa Rifa solidaria 
2025-09-25 14:12:33.022 | INFO     | logger:success:103 | system | none - SUCCESS: Tabelas e índices criados ou verificados com sucesso.
2025-09-25 14:12:33.022 | INFO     | logger:success:103 | system | none - SUCCESS: Conexão com banco de dados estabelecida com sucesso.
2025-09-25 14:12:33.026 | INFO     | logger:success:103 | system | none - SUCCESS: CSV de vendas gerado para rifa Rifa solidaria 
2025-09-25 14:12:33.029 | DEBUG    | logger:debug:95 | system | none - Filtro de comprador Gleison aplicado para PDF
2025-09-25 14:12:33.038 | ERROR    | logger:error:116 | system | none - Falha ao gerar PDF para rifa Rifa solidaria  | Exception: Invalid binary data format: <class 'bytearray'> | Traceback: Traceback (most recent call last):
  File "D:\GithubGit\MeuPortfolio\plataforma_rifas\app.py", line 234, in main
    st.download_button("Baixar PDF", data=pdf_bytes, file_name=fname, mime="application/pdf")
    ~~~~~~~~~~~~~~~~~~^^^^^^^^^^^^^^^^^^^^^^^^^^^^^^^^^^^^^^^^^^^^^^^^^^^^^^^^^^^^^^^^^^^^^^^
  File "D:\GithubGit\MeuPortfolio\plataforma_rifas\venv\Lib\site-packages\streamlit\runtime\metrics_util.py", line 443, in wrapped_func
    result = non_optional_func(*args, **kwargs)
  File "D:\GithubGit\MeuPortfolio\plataforma_rifas\venv\Lib\site-packages\streamlit\elements\widgets\button.py", line 576, in download_button
    return self._download_button(
           ~~~~~~~~~~~~~~~~~~~~~^
        label=label,
        ^^^^^^^^^^^^
    ...<12 lines>...
        width=width,
        ^^^^^^^^^^^^
    )
    ^
  File "D:\GithubGit\MeuPortfolio\plataforma_rifas\venv\Lib\site-packages\streamlit\elements\widgets\button.py", line 938, in _download_button
    marshall_file(
    ~~~~~~~~~~~~~^
        self.dg._get_delta_path_str(), data, download_button_proto, mime, file_name
        ^^^^^^^^^^^^^^^^^^^^^^^^^^^^^^^^^^^^^^^^^^^^^^^^^^^^^^^^^^^^^^^^^^^^^^^^^^^
    )
    ^
  File "D:\GithubGit\MeuPortfolio\plataforma_rifas\venv\Lib\site-packages\streamlit\elements\widgets\button.py", line 1225, in marshall_file
    raise StreamlitAPIException(f"Invalid binary data format: {type(data)}")
streamlit.errors.StreamlitAPIException: Invalid binary data format: <class 'bytearray'>

Traceback (most recent call last):

  File "C:\Program Files\WindowsApps\PythonSoftwareFoundation.Python.3.13_3.13.2032.0_x64__qbz5n2kfra8p0\Lib\threading.py", line 1014, in _bootstrap
    self._bootstrap_inner()
    │    └ <function Thread._bootstrap_inner at 0x00000198D7BDA480>
    └ <Thread(ScriptRunner.scriptThread, started 2240)>
  File "C:\Program Files\WindowsApps\PythonSoftwareFoundation.Python.3.13_3.13.2032.0_x64__qbz5n2kfra8p0\Lib\threading.py", line 1043, in _bootstrap_inner
    self.run()
    │    └ <function Thread.run at 0x00000198D7BDA200>
    └ <Thread(ScriptRunner.scriptThread, started 2240)>
  File "C:\Program Files\WindowsApps\PythonSoftwareFoundation.Python.3.13_3.13.2032.0_x64__qbz5n2kfra8p0\Lib\threading.py", line 994, in run
    self._target(*self._args, **self._kwargs)
    │    │        │    │        │    └ {}
    │    │        │    │        └ <Thread(ScriptRunner.scriptThread, started 2240)>
    │    │        │    └ ()
    │    │        └ <Thread(ScriptRunner.scriptThread, started 2240)>
    │    └ <bound method ScriptRunner._run_script_thread of ScriptRunner(_session_id='07f4baa9-fb8a-435c-a66b-6f52b9993c82', _main_scrip...
    └ <Thread(ScriptRunner.scriptThread, started 2240)>
  File "D:\GithubGit\MeuPortfolio\plataforma_rifas\venv\Lib\site-packages\streamlit\runtime\scriptrunner\script_runner.py", line 378, in _run_script_thread
    self._run_script(request.rerun_data)
    │    │           │       └ <property object at 0x00000198D84511C0>
    │    │           └ ScriptRequest(type=<ScriptRequestType.RERUN: 'RERUN'>, _rerun_data=RerunData(widget_states=widgets {
    │    │               id: "$$ID-84d96220c70d...
    │    └ <function ScriptRunner._run_script at 0x00000198D8540180>
    └ ScriptRunner(_session_id='07f4baa9-fb8a-435c-a66b-6f52b9993c82', _main_script_path='app.py', _session_state={$$ID-c5129e86151...
  File "D:\GithubGit\MeuPortfolio\plataforma_rifas\venv\Lib\site-packages\streamlit\runtime\scriptrunner\script_runner.py", line 685, in _run_script
    ) = exec_func_with_error_handling(code_to_exec, ctx)
        │                             │             └ ScriptRunContext(session_id='07f4baa9-fb8a-435c-a66b-6f52b9993c82', _enqueue=<bound method ScriptRunner._enqueue_forward_msg ...
        │                             └ <function ScriptRunner._run_script.<locals>.code_to_exec at 0x00000198F5A63A60>
        └ <function exec_func_with_error_handling at 0x00000198D84E4180>
  File "D:\GithubGit\MeuPortfolio\plataforma_rifas\venv\Lib\site-packages\streamlit\runtime\scriptrunner\exec_code.py", line 128, in exec_func_with_error_handling
    result = func()
             └ <function ScriptRunner._run_script.<locals>.code_to_exec at 0x00000198F5A63A60>
  File "D:\GithubGit\MeuPortfolio\plataforma_rifas\venv\Lib\site-packages\streamlit\runtime\scriptrunner\script_runner.py", line 669, in code_to_exec
    exec(code, module.__dict__)  # noqa: S102
         │     │      └ <member '__dict__' of 'module' objects>
         │     └ <module '__main__' from 'app.py'>
         └ <code object <module> at 0x00000198D92FC2C0, file "D:\GithubGit\MeuPortfolio\plataforma_rifas\app.py", line 1>

  File "D:\GithubGit\MeuPortfolio\plataforma_rifas\app.py", line 518, in <module>
    main()
    └ <function main at 0x00000198F5A63740>

> File "D:\GithubGit\MeuPortfolio\plataforma_rifas\app.py", line 234, in main
    st.download_button("Baixar PDF", data=pdf_bytes, file_name=fname, mime="application/pdf")
    │  │                                  │                    └ 'Rifa_solidaria_Gleison_comprovante.pdf'
    │  │                                  └ bytearray(b"%PDF-1.3\n1 0 obj\n<<\n/Count 1\n/Kids [3 0 R]\n/MediaBox [0 0 595.28 841.89]\n/Type /Pages\n>>\nendobj\n2 0 obj\...
    │  └ <bound method ButtonMixin.download_button of DeltaGenerator()>
    └ <module 'streamlit' from 'D:\\GithubGit\\MeuPortfolio\\plataforma_rifas\\venv\\Lib\\site-packages\\streamlit\\__init__.py'>

  File "D:\GithubGit\MeuPortfolio\plataforma_rifas\venv\Lib\site-packages\streamlit\runtime\metrics_util.py", line 443, in wrapped_func
    result = non_optional_func(*args, **kwargs)
             │                  │       └ {'data': bytearray(b"%PDF-1.3\n1 0 obj\n<<\n/Count 1\n/Kids [3 0 R]\n/MediaBox [0 0 595.28 841.89]\n/Type /Pages\n>>\nendobj\...
             │                  └ (DeltaGenerator(), 'Baixar PDF')
             └ <function ButtonMixin.download_button at 0x00000198D86F1F80>
  File "D:\GithubGit\MeuPortfolio\plataforma_rifas\venv\Lib\site-packages\streamlit\elements\widgets\button.py", line 576, in download_button
    return self._download_button(
           │    └ <function ButtonMixin._download_button at 0x00000198D86F1B20>
           └ DeltaGenerator()
  File "D:\GithubGit\MeuPortfolio\plataforma_rifas\venv\Lib\site-packages\streamlit\elements\widgets\button.py", line 938, in _download_button
    marshall_file(
    └ <function marshall_file at 0x00000198D86F1120>
  File "D:\GithubGit\MeuPortfolio\plataforma_rifas\venv\Lib\site-packages\streamlit\elements\widgets\button.py", line 1225, in marshall_file
    raise StreamlitAPIException(f"Invalid binary data format: {type(data)}")
          │                                                         └ bytearray(b"%PDF-1.3\n1 0 obj\n<<\n/Count 1\n/Kids [3 0 R]\n/MediaBox [0 0 595.28 841.89]\n/Type /Pages\n>>\nendobj\n2 0 obj\...
          └ <class 'streamlit.errors.StreamlitAPIException'>

streamlit.errors.StreamlitAPIException: Invalid binary data format: <class 'bytearray'>
2025-09-25 14:12:33.046 | INFO     | logger:success:103 | system | none - SUCCESS: Tabelas e índices criados ou verificados com sucesso.
2025-09-25 14:12:33.047 | INFO     | logger:success:103 | system | none - SUCCESS: Conexão com banco de dados estabelecida com sucesso.
2025-09-25 14:12:33.048 | INFO     | logger:success:103 | system | none - SUCCESS: Tabelas e índices criados ou verificados com sucesso.
2025-09-25 14:12:33.049 | INFO     | logger:success:103 | system | none - SUCCESS: Conexão com banco de dados estabelecida com sucesso.
2025-09-25 14:12:33.054 | INFO     | logger:success:103 | system | none - SUCCESS: Tabelas e índices criados ou verificados com sucesso.
2025-09-25 14:12:33.054 | INFO     | logger:success:103 | system | none - SUCCESS: Conexão com banco de dados estabelecida com sucesso.
2025-09-25 14:12:33.069 | INFO     | logger:success:103 | system | none - SUCCESS: Tabelas e índices criados ou verificados com sucesso.
2025-09-25 14:12:33.070 | INFO     | logger:success:103 | system | none - SUCCESS: Conexão com banco de dados estabelecida com sucesso.
2025-09-25 14:12:33.118 | INFO     | logger:success:103 | system | none - SUCCESS: Tabelas e índices criados ou verificados com sucesso.
2025-09-25 14:12:33.118 | INFO     | logger:success:103 | system | none - SUCCESS: Conexão com banco de dados estabelecida com sucesso.
2025-09-25 14:12:33.133 | INFO     | logger:success:103 | system | none - SUCCESS: Tabelas e índices criados ou verificados com sucesso.
2025-09-25 14:12:33.133 | INFO     | logger:success:103 | system | none - SUCCESS: Conexão com banco de dados estabelecida com sucesso.
2025-09-25 14:12:33.144 | INFO     | logger:success:103 | system | none - SUCCESS: Tabelas e índices criados ou verificados com sucesso.
2025-09-25 14:12:33.144 | INFO     | logger:success:103 | system | none - SUCCESS: Conexão com banco de dados estabelecida com sucesso.
2025-09-25 14:12:33.165 | INFO     | logger:success:103 | system | none - SUCCESS: Tabelas e índices criados ou verificados com sucesso.
2025-09-25 14:12:33.165 | INFO     | logger:success:103 | system | none - SUCCESS: Conexão com banco de dados estabelecida com sucesso.
2025-09-25 14:12:33.189 | INFO     | logger:success:103 | system | none - SUCCESS: Tabelas e índices criados ou verificados com sucesso.
2025-09-25 14:12:33.190 | INFO     | logger:success:103 | system | none - SUCCESS: Conexão com banco de dados estabelecida com sucesso.
2025-09-25 14:12:33.191 | DEBUG    | logger:debug:95 | system | none - Aba de analytics renderizada para rifa Rifa solidaria 
2025-09-25 14:12:33.202 | INFO     | logger:success:103 | system | none - SUCCESS: Tabelas e índices criados ou verificados com sucesso.
2025-09-25 14:12:33.203 | INFO     | logger:success:103 | system | none - SUCCESS: Conexão com banco de dados estabelecida com sucesso.
2025-09-25 14:12:33.205 | DEBUG    | logger:debug:95 | system | none - Rifas do usuário 1 listadas
2025-09-25 14:12:33.207 | INFO     | logger:success:103 | system | none - SUCCESS: Tabelas e índices criados ou verificados com sucesso.
2025-09-25 14:12:33.207 | INFO     | logger:success:103 | system | none - SUCCESS: Conexão com banco de dados estabelecida com sucesso.
2025-09-25 14:12:33.208 | DEBUG    | logger:debug:95 | system | none - Nenhuma rifa sem dono disponível para reivindicação
